[2026-06-03 08:53:10] Uploaded PDF: AI_PDF_Chatbot_Development_Plan.pdf
[2026-06-03 08:53:10] 
        Processed PDF:
        AI_PDF_Chatbot_Development_Plan.pdf
        Pages: 8
        Chunks: 6
        
[2026-06-03 09:02:29] Uploaded PDF: Investment_Behaviour_Working_Women.pdf
[2026-06-03 09:02:30] 
        Processed PDF:
        Investment_Behaviour_Working_Women.pdf
        Pages: 10
        Chunks: 25
        
[2026-06-04 13:56:41] Uploaded PDF: Final_Research_paper.pdf
[2026-06-04 13:56:43] 
        Processed PDF:
        Final_Research_paper.pdf
        Pages: 10
        Chunks: 31
        
[2026-06-04 16:04:57] Uploaded PDF: Wildlife_Safety_and_Hunter_Monitoring_System_Using_Ai_Cameras_and_Geofencing_for_Real-Time_Alerts_1.pdf
[2026-06-04 16:05:04] 
        Processed PDF:
        Wildlife_Safety_and_Hunter_Monitoring_System_Using_Ai_Cameras_and_Geofencing_for_Real-Time_Alerts_1.pdf
        Pages: 20
        Chunks: 61
        
[2026-06-04 16:22:36] Uploaded PDF: Livestock_Biosecurity_Synopsis_Yashraj_Waman_179.pdf
[2026-06-04 16:22:38] 
        Processed PDF:
        Livestock_Biosecurity_Synopsis_Yashraj_Waman_179.pdf
        Pages: 7
        Chunks: 17
        
[2026-06-04 16:56:41] Uploaded PDF: Final_Research_paper01.pdf
[2026-06-04 16:56:45] 
        Processed PDF:
        Final_Research_paper01.pdf
        Pages: 10
        Chunks: 62
        
[2026-06-04 20:37:06] Uploaded PDF: Project_Synopsis.pdf
[2026-06-04 20:37:06] 
        Processed PDF:
        Project_Synopsis.pdf
        Pages: 3
        Chunks: 7
        
[2026-06-04 20:53:44] Uploaded PDF: Final_Research_paper01.pdf
[2026-06-04 20:53:48] 
        Processed PDF:
        Final_Research_paper01.pdf
        Pages: 10
        Chunks: 62
        
[2026-06-04 21:02:37] Uploaded PDF: Final_Research_paper01.pdf
[2026-06-04 21:02:40] 
        Processed PDF:
        Final_Research_paper01.pdf
        Pages: 10
        Chunks: 62
        
[2026-06-04 21:46:39] Uploaded PDF: Final_Research_paper01.pdf
[2026-06-04 21:46:43] 
        Processed PDF:
        Final_Research_paper01.pdf
        Pages: 10
        Chunks: 62
        
[2026-06-04 22:09:39] Uploaded PDF: Final_Research_paper01.pdf
[2026-06-04 22:09:43] 
        Processed PDF:
        Final_Research_paper01.pdf
        Pages: 10
        Chunks: 62
        
[2026-06-04 22:09:57] Uploaded PDF: Final_Research_paper01.pdf
[2026-06-04 22:10:01] 
        Processed PDF:
        Final_Research_paper01.pdf
        Pages: 10
        Chunks: 62
        
[2026-06-04 22:18:26] Uploaded PDF: Final_Research_paper01.pdf
[2026-06-04 22:18:30] 
        Processed PDF:
        Final_Research_paper01.pdf
        Pages: 10
        Chunks: 62
        
[2026-06-04 22:23:35] Uploaded PDF: Final_Research_paper01.pdf
[2026-06-04 22:23:39] 
        Processed PDF:
        Final_Research_paper01.pdf
        Pages: 10
        Chunks: 62
        
[2026-06-10 22:35:47] Uploaded PDF: Final_Research_paper01.pdf
[2026-06-10 22:35:52] 
        Processed PDF:
        Final_Research_paper01.pdf
        Pages: 10
        Chunks: 62
        
[2026-06-10 22:47:48] Uploaded PDF: Final_Research_paper01.pdf
[2026-06-10 22:47:51] 
        Processed PDF:
        Final_Research_paper01.pdf
        Pages: 10
        Chunks: 62
        
[2026-06-10 22:49:23] Uploaded PDF: Final_Research_paper01.pdf
[2026-06-10 22:49:26] 
        Processed PDF:
        Final_Research_paper01.pdf
        Pages: 10
        Chunks: 62
        
[2026-06-10 23:10:08] Uploaded PDF: Final_Research_paper01.pdf
[2026-06-10 23:10:12] 
        Processed PDF:
        Final_Research_paper01.pdf
        Pages: 10
        Chunks: 62
        
[2026-06-10 23:18:05] Uploaded PDF: Final_Research_paper01.pdf
[2026-06-10 23:18:08] 
        Processed PDF:
        Final_Research_paper01.pdf
        Pages: 10
        Chunks: 62
        
[2026-06-10 23:19:26] Uploaded PDF: Final_Research_paper01.pdf
[2026-06-10 23:19:30] 
        Processed PDF:
        Final_Research_paper01.pdf
        Pages: 10
        Chunks: 62
        
[2026-06-10 23:25:25] Uploaded PDF: Final_Research_paper01.pdf
[2026-06-10 23:25:29] 
        Processed PDF:
        Final_Research_paper01.pdf
        Pages: 10
        Chunks: 62
        
[2026-06-10 23:33:48] Uploaded PDF: Final_Research_paper01.pdf
[2026-06-10 23:33:52] 
        Processed PDF:
        Final_Research_paper01.pdf
        Pages: 10
        Chunks: 62
        
[2026-06-11 11:32:45] Uploaded PDF: Final_Research_paper01.pdf
[2026-06-11 11:32:49] 
        Processed PDF:
        Final_Research_paper01.pdf
        Pages: 10
        Chunks: 62
        
[2026-06-11 11:35:35] Uploaded PDF: Final_Research_paper01.pdf
[2026-06-11 11:35:38] 
        Processed PDF:
        Final_Research_paper01.pdf
        Pages: 10
        Chunks: 62
        
[2026-06-11 11:43:02] Uploaded PDF: Final_Research_paper01.pdf
[2026-06-11 11:43:05] 
        Processed PDF:
        Final_Research_paper01.pdf
        Pages: 10
        Chunks: 62
        
[2026-06-11 11:49:01] Uploaded PDF: Final_Research_paper01.pdf
[2026-06-11 11:49:04] 
        Processed PDF:
        Final_Research_paper01.pdf
        Pages: 10
        Chunks: 62
        
[2026-06-11 11:52:22] Uploaded PDF: Final_Research_paper01.pdf
[2026-06-11 11:52:25] 
        Processed PDF:
        Final_Research_paper01.pdf
        Pages: 10
        Chunks: 62
        
[2026-06-11 11:54:34] Uploaded PDF: Final_Research_paper01.pdf
[2026-06-11 11:54:37] 
        Processed PDF:
        Final_Research_paper01.pdf
        Pages: 10
        Chunks: 62
        
[2026-06-11 14:02:46] Uploaded PDF: Final_Research_paper01.pdf
[2026-06-11 14:02:50] 
        Processed PDF:
        Final_Research_paper01.pdf
        Pages: 10
        Chunks: 63
        
[2026-06-11 14:22:38] Uploaded PDF: Final_Research_paper01.pdf
[2026-06-11 14:22:42] 
        Processed PDF:
        Final_Research_paper01.pdf
        Pages: 10
        Chunks: 63
        
